<?xml version="1.0" encoding="UTF-8"?>
<!-- Generated by org.testng.reporters.JUnitXMLReporter -->
<testsuite ignored="9" hostname="Vrishalis-MacBook-Air.local" failures="0" tests="1" name="Default test" time="17.863" errors="0" timestamp="2023-06-21T10:48:54 PDT">
  <testcase classname="com.automation.tests.SalesForceAutomationPOMScript" name="forgotPassword_B" time="3.386"/>
  <testcase classname="com.automation.tests.SalesForceAutomationPOMScript" name="LeadsTC23" time="0.0">
    <ignored/>
  </testcase> <!-- LeadsTC23 -->
  <testcase classname="com.automation.tests.SalesForceAutomationPOMScript" name="CreateOptyTC17" time="0.0">
    <ignored/>
  </testcase> <!-- CreateOptyTC17 -->
  <testcase classname="com.automation.tests.SalesForceAutomationPOMScript" name="CreateOptyTC15" time="0.0">
    <ignored/>
  </testcase> <!-- CreateOptyTC15 -->
  <testcase classname="com.automation.tests.SalesForceAutomationPOMScript" name="forgotPasswordA" time="0.0">
    <ignored/>
  </testcase> <!-- forgotPasswordA -->
  <testcase classname="com.automation.tests.SalesForceAutomationPOMScript" name="validLoginToSalesForce" time="0.0">
    <ignored/>
  </testcase> <!-- validLoginToSalesForce -->
  <testcase classname="com.automation.tests.SalesForceAutomationPOMScript" name="CreateOptyTC18" time="0.0">
    <ignored/>
  </testcase> <!-- CreateOptyTC18 -->
  <testcase classname="com.automation.tests.SalesForceAutomationPOMScript" name="rememberMe" time="0.0">
    <ignored/>
  </testcase> <!-- rememberMe -->
  <testcase classname="com.automation.tests.SalesForceAutomationPOMScript" name="LeadsTC20" time="0.0">
    <ignored/>
  </testcase> <!-- LeadsTC20 -->
  <testcase classname="com.automation.tests.SalesForceAutomationPOMScript" name="loginWithBlankPassword" time="0.0">
    <ignored/>
  </testcase> <!-- loginWithBlankPassword -->
</testsuite> <!-- Default test -->
